<?xml version="1.0" encoding="UTF-8"?>
<!-- Generated by org.testng.reporters.JUnitReportReporter -->
<testsuite hostname="LAPTOP-C59RG53V" failures="0" tests="1" name="Sharecaar_TestCases.Sharecaar_SignupTest" time="34.499" errors="0" timestamp="2024-03-20T12:03:01 IST" skipped="0">
  <testcase classname="Sharecaar_TestCases.Sharecaar_SignupTest" name="Sharecaar_SignupTest" time="34.499"/>
</testsuite> <!-- Sharecaar_TestCases.Sharecaar_SignupTest -->
