<?xml version="1.0" encoding="UTF-8"?>
<!-- Generated by org.testng.reporters.JUnitReportReporter -->
<testsuite hostname="LAPTOP-C59RG53V" failures="0" tests="1" name="Sharecaar_TestCases.Sharecaar_OfferRide_Test" time="48.457" errors="0" timestamp="2024-03-22T11:23:17 IST" skipped="0">
  <testcase classname="Sharecaar_TestCases.Sharecaar_OfferRide_Test" name="Sharecaar_OfferRide_Test" time="48.457"/>
</testsuite> <!-- Sharecaar_TestCases.Sharecaar_OfferRide_Test -->
