<?xml version="1.0" encoding="UTF-8"?>
<!-- Generated by org.testng.reporters.JUnitReportReporter -->
<testsuite hostname="LAPTOP-C59RG53V" failures="0" tests="1" name="Sharecaar_TestCases.Sharecaar_LoginTest" time="13.903" errors="0" timestamp="2024-03-13T16:30:03 IST" skipped="0">
  <testcase classname="Sharecaar_TestCases.Sharecaar_LoginTest" name="Sharecaar_logintest" time="13.903"/>
</testsuite> <!-- Sharecaar_TestCases.Sharecaar_LoginTest -->
